[13:33:17 INF] User profile is available. Using 'C:\Users\ALUHJOHNSON\AppData\Local\ASP.NET\DataProtection-Keys' as key repository and Windows DPAPI to encrypt keys at rest.
[13:33:22 INF] Executed DbCommand (26ms) [Parameters=[], CommandType='Text', CommandTimeout='30']
SELECT [t].[Id], [t].[CreatedUtc], [t].[Description], [t].[EntityId], [t].[LastStatusChangeUtc], [t].[Priority], [t].[SlaDeadlineUtc], [t].[Status], [t].[TenantId], [t].[Title]
FROM [Tickets] AS [t]
WHERE [t].[Status] NOT IN (3, 4)
[13:33:24 INF] Request starting HTTP/2 GET https://localhost:44323/swagger/index.html - null null
[13:33:25 INF] Application started. Press Ctrl+C to shut down.
[13:33:25 INF] Hosting environment: Development
[13:33:25 INF] Content root path: C:\Users\ALUHJOHNSON\source\repos\FCMBNG\Semanix\Semanix.Api
[13:33:25 INF] Request finished HTTP/2 GET https://localhost:44323/swagger/index.html - 200 null text/html;charset=utf-8 289.8401ms
[13:33:25 INF] Request starting HTTP/2 GET https://localhost:44323/_framework/aspnetcore-browser-refresh.js - null null
[13:33:25 INF] Request starting HTTP/2 GET https://localhost:44323/_vs/browserLink - null null
[13:33:25 INF] Request finished HTTP/2 GET https://localhost:44323/_framework/aspnetcore-browser-refresh.js - 200 13758 application/javascript; charset=utf-8 6.0258ms
[13:33:25 INF] Request finished HTTP/2 GET https://localhost:44323/_vs/browserLink - 200 null text/javascript; charset=UTF-8 53.8873ms
[13:33:25 INF] Request starting HTTP/2 GET https://localhost:44323/swagger/v1/swagger.json - null null
[13:33:25 INF] Request finished HTTP/2 GET https://localhost:44323/swagger/v1/swagger.json - 200 null application/json;charset=utf-8 15.9206ms
[13:34:00 INF] Request starting HTTP/2 POST https://localhost:44323/api/ticket/update-ticket-by-id - application/json 74
[13:34:00 INF] CORS policy execution successful.
[13:34:01 INF] Executed DbCommand (2ms) [Parameters=[], CommandType='Text', CommandTimeout='30']
SELECT [t].[Id], [t].[CreatedUtc], [t].[Description], [t].[EntityId], [t].[LastStatusChangeUtc], [t].[Priority], [t].[SlaDeadlineUtc], [t].[Status], [t].[TenantId], [t].[Title]
FROM [Tickets] AS [t]
WHERE [t].[Status] NOT IN (3, 4)
[13:34:03 INF] Executing endpoint 'SlipFree.Api.Controllers.TicketController.UpdateTicketByTenantidAsync (Semanix.Api)'
[13:34:03 INF] Route matched with {action = "UpdateTicketByTenantid", controller = "Ticket"}. Executing controller action with signature System.Threading.Tasks.Task`1[Microsoft.AspNetCore.Mvc.IActionResult] UpdateTicketByTenantidAsync(Semanix.Application.Command.ChangeTicketStatusCommand) on controller SlipFree.Api.Controllers.TicketController (Semanix.Api).
[13:34:14 INF] Executed DbCommand (5ms) [Parameters=[], CommandType='Text', CommandTimeout='30']
SELECT [t].[Id], [t].[CreatedUtc], [t].[Description], [t].[EntityId], [t].[LastStatusChangeUtc], [t].[Priority], [t].[SlaDeadlineUtc], [t].[Status], [t].[TenantId], [t].[Title]
FROM [Tickets] AS [t]
WHERE [t].[Status] NOT IN (3, 4)
[13:34:15 INF] Executed DbCommand (51ms) [Parameters=[@__get_Item_0='?' (DbType = Guid)], CommandType='Text', CommandTimeout='30']
SELECT TOP(1) [t].[Id], [t].[CreatedUtc], [t].[Description], [t].[EntityId], [t].[LastStatusChangeUtc], [t].[Priority], [t].[SlaDeadlineUtc], [t].[Status], [t].[TenantId], [t].[Title]
FROM [Tickets] AS [t]
WHERE [t].[Id] = @__get_Item_0
[13:34:17 INF] Executed action SlipFree.Api.Controllers.TicketController.UpdateTicketByTenantidAsync (Semanix.Api) in 14287.4028ms
[13:34:17 INF] Executed endpoint 'SlipFree.Api.Controllers.TicketController.UpdateTicketByTenantidAsync (Semanix.Api)'
[13:34:17 ERR] Something went wrong: System.ComponentModel.DataAnnotations.ValidationException: Invalid status transition: Closed  Closed
   at Semanix.Persistence.Repositories.TicketRepository.UpdateTicketStatus(ChangeTicketStatusCommand tkt, CancellationToken cancellationToken) in C:\Users\ALUHJOHNSON\source\repos\FCMBNG\Semanix\Semanix.Persistence\Repositories\TicketRepository.cs:line 88
   at Semanix.Application.RequestHandler.UpdateTicketCommandHandler.Handle(ChangeTicketStatusCommand request, CancellationToken cancellationToken) in C:\Users\ALUHJOHNSON\source\repos\FCMBNG\Semanix\Semanix.Application\RequestHandler\UpdateTicketCommandHandler.cs:line 34
   at MediatR.Pipeline.RequestExceptionProcessorBehavior`2.Handle(TRequest request, RequestHandlerDelegate`1 next, CancellationToken cancellationToken)
   at MediatR.Pipeline.RequestExceptionProcessorBehavior`2.Handle(TRequest request, RequestHandlerDelegate`1 next, CancellationToken cancellationToken)
   at MediatR.Pipeline.RequestExceptionActionProcessorBehavior`2.Handle(TRequest request, RequestHandlerDelegate`1 next, CancellationToken cancellationToken)
   at MediatR.Pipeline.RequestExceptionActionProcessorBehavior`2.Handle(TRequest request, RequestHandlerDelegate`1 next, CancellationToken cancellationToken)
   at MediatR.Pipeline.RequestPostProcessorBehavior`2.Handle(TRequest request, RequestHandlerDelegate`1 next, CancellationToken cancellationToken)
   at MediatR.Pipeline.RequestPreProcessorBehavior`2.Handle(TRequest request, RequestHandlerDelegate`1 next, CancellationToken cancellationToken)
   at SlipFree.Api.Controllers.TicketController.UpdateTicketByTenantidAsync(ChangeTicketStatusCommand changeTicketStatusCommand) in C:\Users\ALUHJOHNSON\source\repos\FCMBNG\Semanix\Semanix.Api\Controllers\TicketController.cs:line 63
   at Microsoft.AspNetCore.Mvc.Infrastructure.ActionMethodExecutor.TaskOfIActionResultExecutor.Execute(ActionContext actionContext, IActionResultTypeMapper mapper, ObjectMethodExecutor executor, Object controller, Object[] arguments)
   at Microsoft.AspNetCore.Mvc.Infrastructure.ControllerActionInvoker.<InvokeActionMethodAsync>g__Awaited|12_0(ControllerActionInvoker invoker, ValueTask`1 actionResultValueTask)
   at Microsoft.AspNetCore.Mvc.Infrastructure.ControllerActionInvoker.<InvokeNextActionFilterAsync>g__Awaited|10_0(ControllerActionInvoker invoker, Task lastTask, State next, Scope scope, Object state, Boolean isCompleted)
   at Microsoft.AspNetCore.Mvc.Infrastructure.ControllerActionInvoker.Rethrow(ActionExecutedContextSealed context)
   at Microsoft.AspNetCore.Mvc.Infrastructure.ControllerActionInvoker.Next(State& next, Scope& scope, Object& state, Boolean& isCompleted)
   at Microsoft.AspNetCore.Mvc.Infrastructure.ControllerActionInvoker.<InvokeInnerFilterAsync>g__Awaited|13_0(ControllerActionInvoker invoker, Task lastTask, State next, Scope scope, Object state, Boolean isCompleted)
   at Microsoft.AspNetCore.Mvc.Infrastructure.ResourceInvoker.<InvokeFilterPipelineAsync>g__Awaited|20_0(ResourceInvoker invoker, Task lastTask, State next, Scope scope, Object state, Boolean isCompleted)
   at Microsoft.AspNetCore.Mvc.Infrastructure.ResourceInvoker.<InvokeAsync>g__Logged|17_1(ResourceInvoker invoker)
   at Microsoft.AspNetCore.Mvc.Infrastructure.ResourceInvoker.<InvokeAsync>g__Logged|17_1(ResourceInvoker invoker)
   at Microsoft.AspNetCore.Routing.EndpointMiddleware.<Invoke>g__AwaitRequestTask|7_0(Endpoint endpoint, Task requestTask, ILogger logger)
   at Semanix.Application.Middlewares.ExceptionMiddleware.InvokeAsync(HttpContext httpContext) in C:\Users\ALUHJOHNSON\source\repos\FCMBNG\Semanix\Semanix.Application\Middlewares\ExceptionMiddleware.cs:line 34
[13:34:17 INF] Request finished HTTP/2 POST https://localhost:44323/api/ticket/update-ticket-by-id - 503 null application/json 16751.0211ms
[13:34:22 INF] Executed DbCommand (1ms) [Parameters=[], CommandType='Text', CommandTimeout='30']
SELECT [t].[Id], [t].[CreatedUtc], [t].[Description], [t].[EntityId], [t].[LastStatusChangeUtc], [t].[Priority], [t].[SlaDeadlineUtc], [t].[Status], [t].[TenantId], [t].[Title]
FROM [Tickets] AS [t]
WHERE [t].[Status] NOT IN (3, 4)
[13:34:29 INF] Executed DbCommand (5ms) [Parameters=[], CommandType='Text', CommandTimeout='30']
SELECT [t].[Id], [t].[CreatedUtc], [t].[Description], [t].[EntityId], [t].[LastStatusChangeUtc], [t].[Priority], [t].[SlaDeadlineUtc], [t].[Status], [t].[TenantId], [t].[Title]
FROM [Tickets] AS [t]
WHERE [t].[Status] NOT IN (3, 4)
[13:34:37 INF] Executed DbCommand (0ms) [Parameters=[], CommandType='Text', CommandTimeout='30']
SELECT [t].[Id], [t].[CreatedUtc], [t].[Description], [t].[EntityId], [t].[LastStatusChangeUtc], [t].[Priority], [t].[SlaDeadlineUtc], [t].[Status], [t].[TenantId], [t].[Title]
FROM [Tickets] AS [t]
WHERE [t].[Status] NOT IN (3, 4)
[13:34:47 INF] Executed DbCommand (0ms) [Parameters=[], CommandType='Text', CommandTimeout='30']
SELECT [t].[Id], [t].[CreatedUtc], [t].[Description], [t].[EntityId], [t].[LastStatusChangeUtc], [t].[Priority], [t].[SlaDeadlineUtc], [t].[Status], [t].[TenantId], [t].[Title]
FROM [Tickets] AS [t]
WHERE [t].[Status] NOT IN (3, 4)
[13:34:53 INF] Executed DbCommand (1ms) [Parameters=[], CommandType='Text', CommandTimeout='30']
SELECT [t].[Id], [t].[CreatedUtc], [t].[Description], [t].[EntityId], [t].[LastStatusChangeUtc], [t].[Priority], [t].[SlaDeadlineUtc], [t].[Status], [t].[TenantId], [t].[Title]
FROM [Tickets] AS [t]
WHERE [t].[Status] NOT IN (3, 4)
[13:35:03 INF] Executed DbCommand (1ms) [Parameters=[], CommandType='Text', CommandTimeout='30']
SELECT [t].[Id], [t].[CreatedUtc], [t].[Description], [t].[EntityId], [t].[LastStatusChangeUtc], [t].[Priority], [t].[SlaDeadlineUtc], [t].[Status], [t].[TenantId], [t].[Title]
FROM [Tickets] AS [t]
WHERE [t].[Status] NOT IN (3, 4)
[13:35:05 INF] Request starting HTTP/2 POST https://localhost:44323/api/ticket/update-ticket-by-id - application/json 74
[13:35:05 INF] CORS policy execution successful.
[13:35:07 INF] Executing endpoint 'SlipFree.Api.Controllers.TicketController.UpdateTicketByTenantidAsync (Semanix.Api)'
[13:35:07 INF] Route matched with {action = "UpdateTicketByTenantid", controller = "Ticket"}. Executing controller action with signature System.Threading.Tasks.Task`1[Microsoft.AspNetCore.Mvc.IActionResult] UpdateTicketByTenantidAsync(Semanix.Application.Command.ChangeTicketStatusCommand) on controller SlipFree.Api.Controllers.TicketController (Semanix.Api).
[13:35:08 INF] Executed DbCommand (1ms) [Parameters=[], CommandType='Text', CommandTimeout='30']
SELECT [t].[Id], [t].[CreatedUtc], [t].[Description], [t].[EntityId], [t].[LastStatusChangeUtc], [t].[Priority], [t].[SlaDeadlineUtc], [t].[Status], [t].[TenantId], [t].[Title]
FROM [Tickets] AS [t]
WHERE [t].[Status] NOT IN (3, 4)
[13:35:12 INF] Executed DbCommand (10ms) [Parameters=[@__get_Item_0='?' (DbType = Guid)], CommandType='Text', CommandTimeout='30']
SELECT TOP(1) [t].[Id], [t].[CreatedUtc], [t].[Description], [t].[EntityId], [t].[LastStatusChangeUtc], [t].[Priority], [t].[SlaDeadlineUtc], [t].[Status], [t].[TenantId], [t].[Title]
FROM [Tickets] AS [t]
WHERE [t].[Id] = @__get_Item_0
[13:35:15 INF] Executed DbCommand (18ms) [Parameters=[], CommandType='Text', CommandTimeout='30']
SELECT [t].[Id], [t].[CreatedUtc], [t].[Description], [t].[EntityId], [t].[LastStatusChangeUtc], [t].[Priority], [t].[SlaDeadlineUtc], [t].[Status], [t].[TenantId], [t].[Title]
FROM [Tickets] AS [t]
WHERE [t].[Status] NOT IN (3, 4)
[13:35:22 INF] Executed DbCommand (20ms) [Parameters=[], CommandType='Text', CommandTimeout='30']
SELECT [t].[Id], [t].[CreatedUtc], [t].[Description], [t].[EntityId], [t].[LastStatusChangeUtc], [t].[Priority], [t].[SlaDeadlineUtc], [t].[Status], [t].[TenantId], [t].[Title]
FROM [Tickets] AS [t]
WHERE [t].[Status] NOT IN (3, 4)
[13:35:22 INF] Executed action SlipFree.Api.Controllers.TicketController.UpdateTicketByTenantidAsync (Semanix.Api) in 14519.8518ms
[13:35:22 INF] Executed endpoint 'SlipFree.Api.Controllers.TicketController.UpdateTicketByTenantidAsync (Semanix.Api)'
[13:35:22 ERR] Something went wrong: System.ComponentModel.DataAnnotations.ValidationException: Invalid status transition: Closed  Resolved
   at Semanix.Persistence.Repositories.TicketRepository.UpdateTicketStatus(ChangeTicketStatusCommand tkt, CancellationToken cancellationToken) in C:\Users\ALUHJOHNSON\source\repos\FCMBNG\Semanix\Semanix.Persistence\Repositories\TicketRepository.cs:line 88
   at Semanix.Application.RequestHandler.UpdateTicketCommandHandler.Handle(ChangeTicketStatusCommand request, CancellationToken cancellationToken) in C:\Users\ALUHJOHNSON\source\repos\FCMBNG\Semanix\Semanix.Application\RequestHandler\UpdateTicketCommandHandler.cs:line 34
   at MediatR.Pipeline.RequestExceptionProcessorBehavior`2.Handle(TRequest request, RequestHandlerDelegate`1 next, CancellationToken cancellationToken)
   at MediatR.Pipeline.RequestExceptionProcessorBehavior`2.Handle(TRequest request, RequestHandlerDelegate`1 next, CancellationToken cancellationToken)
   at MediatR.Pipeline.RequestExceptionActionProcessorBehavior`2.Handle(TRequest request, RequestHandlerDelegate`1 next, CancellationToken cancellationToken)
   at MediatR.Pipeline.RequestExceptionActionProcessorBehavior`2.Handle(TRequest request, RequestHandlerDelegate`1 next, CancellationToken cancellationToken)
   at MediatR.Pipeline.RequestPostProcessorBehavior`2.Handle(TRequest request, RequestHandlerDelegate`1 next, CancellationToken cancellationToken)
   at MediatR.Pipeline.RequestPreProcessorBehavior`2.Handle(TRequest request, RequestHandlerDelegate`1 next, CancellationToken cancellationToken)
   at SlipFree.Api.Controllers.TicketController.UpdateTicketByTenantidAsync(ChangeTicketStatusCommand changeTicketStatusCommand) in C:\Users\ALUHJOHNSON\source\repos\FCMBNG\Semanix\Semanix.Api\Controllers\TicketController.cs:line 63
   at Microsoft.AspNetCore.Mvc.Infrastructure.ActionMethodExecutor.TaskOfIActionResultExecutor.Execute(ActionContext actionContext, IActionResultTypeMapper mapper, ObjectMethodExecutor executor, Object controller, Object[] arguments)
   at Microsoft.AspNetCore.Mvc.Infrastructure.ControllerActionInvoker.<InvokeActionMethodAsync>g__Awaited|12_0(ControllerActionInvoker invoker, ValueTask`1 actionResultValueTask)
   at Microsoft.AspNetCore.Mvc.Infrastructure.ControllerActionInvoker.<InvokeNextActionFilterAsync>g__Awaited|10_0(ControllerActionInvoker invoker, Task lastTask, State next, Scope scope, Object state, Boolean isCompleted)
   at Microsoft.AspNetCore.Mvc.Infrastructure.ControllerActionInvoker.Rethrow(ActionExecutedContextSealed context)
   at Microsoft.AspNetCore.Mvc.Infrastructure.ControllerActionInvoker.Next(State& next, Scope& scope, Object& state, Boolean& isCompleted)
   at Microsoft.AspNetCore.Mvc.Infrastructure.ControllerActionInvoker.<InvokeInnerFilterAsync>g__Awaited|13_0(ControllerActionInvoker invoker, Task lastTask, State next, Scope scope, Object state, Boolean isCompleted)
   at Microsoft.AspNetCore.Mvc.Infrastructure.ResourceInvoker.<InvokeFilterPipelineAsync>g__Awaited|20_0(ResourceInvoker invoker, Task lastTask, State next, Scope scope, Object state, Boolean isCompleted)
   at Microsoft.AspNetCore.Mvc.Infrastructure.ResourceInvoker.<InvokeAsync>g__Logged|17_1(ResourceInvoker invoker)
   at Microsoft.AspNetCore.Mvc.Infrastructure.ResourceInvoker.<InvokeAsync>g__Logged|17_1(ResourceInvoker invoker)
   at Microsoft.AspNetCore.Routing.EndpointMiddleware.<Invoke>g__AwaitRequestTask|7_0(Endpoint endpoint, Task requestTask, ILogger logger)
   at Semanix.Application.Middlewares.ExceptionMiddleware.InvokeAsync(HttpContext httpContext) in C:\Users\ALUHJOHNSON\source\repos\FCMBNG\Semanix\Semanix.Application\Middlewares\ExceptionMiddleware.cs:line 34
[13:35:22 INF] Request finished HTTP/2 POST https://localhost:44323/api/ticket/update-ticket-by-id - 503 null application/json 16668.2255ms
[13:35:27 INF] Executed DbCommand (1ms) [Parameters=[], CommandType='Text', CommandTimeout='30']
SELECT [t].[Id], [t].[CreatedUtc], [t].[Description], [t].[EntityId], [t].[LastStatusChangeUtc], [t].[Priority], [t].[SlaDeadlineUtc], [t].[Status], [t].[TenantId], [t].[Title]
FROM [Tickets] AS [t]
WHERE [t].[Status] NOT IN (3, 4)
[13:35:32 INF] Executed DbCommand (1ms) [Parameters=[], CommandType='Text', CommandTimeout='30']
SELECT [t].[Id], [t].[CreatedUtc], [t].[Description], [t].[EntityId], [t].[LastStatusChangeUtc], [t].[Priority], [t].[SlaDeadlineUtc], [t].[Status], [t].[TenantId], [t].[Title]
FROM [Tickets] AS [t]
WHERE [t].[Status] NOT IN (3, 4)
[13:35:39 INF] Executed DbCommand (3ms) [Parameters=[], CommandType='Text', CommandTimeout='30']
SELECT [t].[Id], [t].[CreatedUtc], [t].[Description], [t].[EntityId], [t].[LastStatusChangeUtc], [t].[Priority], [t].[SlaDeadlineUtc], [t].[Status], [t].[TenantId], [t].[Title]
FROM [Tickets] AS [t]
WHERE [t].[Status] NOT IN (3, 4)
[13:35:45 INF] Request starting HTTP/2 POST https://localhost:44323/api/ticket/update-ticket-by-id - application/json 74
[13:35:45 INF] CORS policy execution successful.
[13:35:50 INF] Executed DbCommand (0ms) [Parameters=[], CommandType='Text', CommandTimeout='30']
SELECT [t].[Id], [t].[CreatedUtc], [t].[Description], [t].[EntityId], [t].[LastStatusChangeUtc], [t].[Priority], [t].[SlaDeadlineUtc], [t].[Status], [t].[TenantId], [t].[Title]
FROM [Tickets] AS [t]
WHERE [t].[Status] NOT IN (3, 4)
[13:35:51 INF] Executing endpoint 'SlipFree.Api.Controllers.TicketController.UpdateTicketByTenantidAsync (Semanix.Api)'
[13:35:51 INF] Route matched with {action = "UpdateTicketByTenantid", controller = "Ticket"}. Executing controller action with signature System.Threading.Tasks.Task`1[Microsoft.AspNetCore.Mvc.IActionResult] UpdateTicketByTenantidAsync(Semanix.Application.Command.ChangeTicketStatusCommand) on controller SlipFree.Api.Controllers.TicketController (Semanix.Api).
[13:35:55 INF] Executed DbCommand (4ms) [Parameters=[@__get_Item_0='?' (DbType = Guid)], CommandType='Text', CommandTimeout='30']
SELECT TOP(1) [t].[Id], [t].[CreatedUtc], [t].[Description], [t].[EntityId], [t].[LastStatusChangeUtc], [t].[Priority], [t].[SlaDeadlineUtc], [t].[Status], [t].[TenantId], [t].[Title]
FROM [Tickets] AS [t]
WHERE [t].[Id] = @__get_Item_0
[13:35:56 INF] Executed action SlipFree.Api.Controllers.TicketController.UpdateTicketByTenantidAsync (Semanix.Api) in 4390.8358ms
[13:35:56 INF] Executed endpoint 'SlipFree.Api.Controllers.TicketController.UpdateTicketByTenantidAsync (Semanix.Api)'
[13:35:56 ERR] Something went wrong: System.ComponentModel.DataAnnotations.ValidationException: Invalid status transition: Open  Resolved
   at Semanix.Persistence.Repositories.TicketRepository.UpdateTicketStatus(ChangeTicketStatusCommand tkt, CancellationToken cancellationToken) in C:\Users\ALUHJOHNSON\source\repos\FCMBNG\Semanix\Semanix.Persistence\Repositories\TicketRepository.cs:line 88
   at Semanix.Application.RequestHandler.UpdateTicketCommandHandler.Handle(ChangeTicketStatusCommand request, CancellationToken cancellationToken) in C:\Users\ALUHJOHNSON\source\repos\FCMBNG\Semanix\Semanix.Application\RequestHandler\UpdateTicketCommandHandler.cs:line 34
   at MediatR.Pipeline.RequestExceptionProcessorBehavior`2.Handle(TRequest request, RequestHandlerDelegate`1 next, CancellationToken cancellationToken)
   at MediatR.Pipeline.RequestExceptionProcessorBehavior`2.Handle(TRequest request, RequestHandlerDelegate`1 next, CancellationToken cancellationToken)
   at MediatR.Pipeline.RequestExceptionActionProcessorBehavior`2.Handle(TRequest request, RequestHandlerDelegate`1 next, CancellationToken cancellationToken)
   at MediatR.Pipeline.RequestExceptionActionProcessorBehavior`2.Handle(TRequest request, RequestHandlerDelegate`1 next, CancellationToken cancellationToken)
   at MediatR.Pipeline.RequestPostProcessorBehavior`2.Handle(TRequest request, RequestHandlerDelegate`1 next, CancellationToken cancellationToken)
   at MediatR.Pipeline.RequestPreProcessorBehavior`2.Handle(TRequest request, RequestHandlerDelegate`1 next, CancellationToken cancellationToken)
   at SlipFree.Api.Controllers.TicketController.UpdateTicketByTenantidAsync(ChangeTicketStatusCommand changeTicketStatusCommand) in C:\Users\ALUHJOHNSON\source\repos\FCMBNG\Semanix\Semanix.Api\Controllers\TicketController.cs:line 63
   at Microsoft.AspNetCore.Mvc.Infrastructure.ActionMethodExecutor.TaskOfIActionResultExecutor.Execute(ActionContext actionContext, IActionResultTypeMapper mapper, ObjectMethodExecutor executor, Object controller, Object[] arguments)
   at Microsoft.AspNetCore.Mvc.Infrastructure.ControllerActionInvoker.<InvokeActionMethodAsync>g__Awaited|12_0(ControllerActionInvoker invoker, ValueTask`1 actionResultValueTask)
   at Microsoft.AspNetCore.Mvc.Infrastructure.ControllerActionInvoker.<InvokeNextActionFilterAsync>g__Awaited|10_0(Co