[16:59:02 INF] User profile is available. Using 'C:\Users\ALUHJOHNSON\AppData\Local\ASP.NET\DataProtection-Keys' as key repository and Windows DPAPI to encrypt keys at rest.
[16:59:04 INF] Executed DbCommand (23ms) [Parameters=[], CommandType='Text', CommandTimeout='30']
SELECT [t].[Id], [t].[CreatedUtc], [t].[Description], [t].[EntityId], [t].[LastStatusChangeUtc], [t].[Priority], [t].[SlaDeadlineUtc], [t].[Status], [t].[TenantId], [t].[Title]
FROM [Tickets] AS [t]
WHERE [t].[Status] NOT IN (3, 4)
[16:59:04 INF] Request starting HTTP/2 GET https://localhost:44323/swagger - null null
[16:59:04 INF] Application started. Press Ctrl+C to shut down.
[16:59:04 INF] Hosting environment: Development
[16:59:04 INF] Content root path: C:\Users\ALUHJOHNSON\Desktop\semanix\-semanix-sla-aluh-johnson\src\Semanix.Api
[16:59:05 INF] Request starting HTTP/2 GET https://localhost:44323/swagger/index.html - null null
[16:59:05 INF] Request finished HTTP/2 GET https://localhost:44323/swagger - 301 null null 680.9759ms
[16:59:05 INF] Request finished HTTP/2 GET https://localhost:44323/swagger/index.html - 200 null text/html;charset=utf-8 59.6222ms
[16:59:05 INF] Request starting HTTP/2 GET https://localhost:44323/swagger/swagger-ui.css - null null
[16:59:05 INF] Request starting HTTP/2 GET https://localhost:44323/swagger/swagger-ui-standalone-preset.js - null null
[16:59:05 INF] Request starting HTTP/2 GET https://localhost:44323/swagger/swagger-ui-bundle.js - null null
[16:59:05 INF] Request starting HTTP/2 GET https://localhost:44323/_framework/aspnetcore-browser-refresh.js - null null
[16:59:05 INF] Request starting HTTP/2 GET https://localhost:44323/_vs/browserLink - null null
[16:59:05 INF] Request finished HTTP/2 GET https://localhost:44323/_framework/aspnetcore-browser-refresh.js - 200 13758 application/javascript; charset=utf-8 2.6956ms
[16:59:05 INF] Sending file. Request path: '/swagger-ui-standalone-preset.js'. Physical path: 'N/A'
[16:59:05 INF] Sending file. Request path: '/swagger-ui-bundle.js'. Physical path: 'N/A'
[16:59:05 INF] Sending file. Request path: '/swagger-ui.css'. Physical path: 'N/A'
[16:59:05 INF] Request finished HTTP/2 GET https://localhost:44323/swagger/swagger-ui.css - 200 143632 text/css 22.1683ms
[16:59:05 INF] Request finished HTTP/2 GET https://localhost:44323/swagger/swagger-ui-standalone-preset.js - 200 337162 text/javascript 29.9431ms
[16:59:05 INF] Request finished HTTP/2 GET https://localhost:44323/swagger/swagger-ui-bundle.js - 200 1092889 text/javascript 46.7793ms
[16:59:05 INF] Request finished HTTP/2 GET https://localhost:44323/_vs/browserLink - 200 null text/javascript; charset=UTF-8 60.9141ms
[16:59:05 INF] Request starting HTTP/2 GET https://localhost:44323/swagger/v1/swagger.json - null null
[16:59:05 INF] Request finished HTTP/2 GET https://localhost:44323/swagger/v1/swagger.json - 200 null application/json;charset=utf-8 16.1477ms
[16:59:05 INF] Request starting HTTP/2 GET https://localhost:44323/swagger/favicon-32x32.png - null null
[16:59:05 INF] Sending file. Request path: '/favicon-32x32.png'. Physical path: 'N/A'
[16:59:05 INF] Request finished HTTP/2 GET https://localhost:44323/swagger/favicon-32x32.png - 200 628 image/png 1.4895ms
[16:59:09 INF] Executed DbCommand (5ms) [Parameters=[], CommandType='Text', CommandTimeout='30']
SELECT [t].[Id], [t].[CreatedUtc], [t].[Description], [t].[EntityId], [t].[LastStatusChangeUtc], [t].[Priority], [t].[SlaDeadlineUtc], [t].[Status], [t].[TenantId], [t].[Title]
FROM [Tickets] AS [t]
WHERE [t].[Status] NOT IN (3, 4)
[16:59:14 INF] Executed DbCommand (0ms) [Parameters=[], CommandType='Text', CommandTimeout='30']
SELECT [t].[Id], [t].[CreatedUtc], [t].[Description], [t].[EntityId], [t].[LastStatusChangeUtc], [t].[Priority], [t].[SlaDeadlineUtc], [t].[Status], [t].[TenantId], [t].[Title]
FROM [Tickets] AS [t]
WHERE [t].[Status] NOT IN (3, 4)
[16:59:19 INF] Executed DbCommand (1ms) [Parameters=[], CommandType='Text', CommandTimeout='30']
SELECT [t].[Id], [t].[CreatedUtc], [t].[Description], [t].[EntityId], [t].[LastStatusChangeUtc], [t].[Priority], [t].[SlaDeadlineUtc], [t].[Status], [t].[TenantId], [t].[Title]
FROM [Tickets] AS [t]
WHERE [t].[Status] NOT IN (3, 4)
[16:59:24 INF] Executed DbCommand (0ms) [Parameters=[], CommandType='Text', CommandTimeout='30']
SELECT [t].[Id], [t].[CreatedUtc], [t].[Description], [t].[EntityId], [t].[LastStatusChangeUtc], [t].[Priority], [t].[SlaDeadlineUtc], [t].[Status], [t].[TenantId], [t].[Title]
FROM [Tickets] AS [t]
WHERE [t].[Status] NOT IN (3, 4)
[16:59:29 INF] Executed DbCommand (1ms) [Parameters=[], CommandType='Text', CommandTimeout='30']
SELECT [t].[Id], [t].[CreatedUtc], [t].[Description], [t].[EntityId], [t].[LastStatusChangeUtc], [t].[Priority], [t].[SlaDeadlineUtc], [t].[Status], [t].[TenantId], [t].[Title]
FROM [Tickets] AS [t]
WHERE [t].[Status] NOT IN (3, 4)
[16:59:34 INF] Executed DbCommand (3ms) [Parameters=[], CommandType='Text', CommandTimeout='30']
SELECT [t].[Id], [t].[CreatedUtc], [t].[Description], [t].[EntityId], [t].[LastStatusChangeUtc], [t].[Priority], [t].[SlaDeadlineUtc], [t].[Status], [t].[TenantId], [t].[Title]
FROM [Tickets] AS [t]
WHERE [t].[Status] NOT IN (3, 4)
[16:59:39 INF] Executed DbCommand (5ms) [Parameters=[], CommandType='Text', CommandTimeout='30']
SELECT [t].[Id], [t].[CreatedUtc], [t].[Description], [t].[EntityId], [t].[LastStatusChangeUtc], [t].[Priority], [t].[SlaDeadlineUtc], [t].[Status], [t].[TenantId], [t].[Title]
FROM [Tickets] AS [t]
WHERE [t].[Status] NOT IN (3, 4)
[16:59:44 INF] Executed DbCommand (1ms) [Parameters=[], CommandType='Text', CommandTimeout='30']
SELECT [t].[Id], [t].[CreatedUtc], [t].[Description], [t].[EntityId], [t].[LastStatusChangeUtc], [t].[Priority], [t].[SlaDeadlineUtc], [t].[Status], [t].[TenantId], [t].[Title]
FROM [Tickets] AS [t]
WHERE [t].[Status] NOT IN (3, 4)
[16:59:49 INF] Executed DbCommand (1ms) [Parameters=[], CommandType='Text', CommandTimeout='30']
SELECT [t].[Id], [t].[CreatedUtc], [t].[Description], [t].[EntityId], [t].[LastStatusChangeUtc], [t].[Priority], [t].[SlaDeadlineUtc], [t].[Status], [t].[TenantId], [t].[Title]
FROM [Tickets] AS [t]
WHERE [t].[Status] NOT IN (3, 4)
[16:59:54 INF] Executed DbCommand (1ms) [Parameters=[], CommandType='Text', CommandTimeout='30']
SELECT [t].[Id], [t].[CreatedUtc], [t].[Description], [t].[EntityId], [t].[LastStatusChangeUtc], [t].[Priority], [t].[SlaDeadlineUtc], [t].[Status], [t].[TenantId], [t].[Title]
FROM [Tickets] AS [t]
WHERE [t].[Status] NOT IN (3, 4)
[16:59:59 INF] Executed DbCommand (1ms) [Parameters=[], CommandType='Text', CommandTimeout='30']
SELECT [t].[Id], [t].[CreatedUtc], [t].[Description], [t].[EntityId], [t].[LastStatusChangeUtc], [t].[Priority], [t].[SlaDeadlineUtc], [t].[Status], [t].[TenantId], [t].[Title]
FROM [Tickets] AS [t]
WHERE [t].[Status] NOT IN (3, 4)
[17:00:04 INF] Executed DbCommand (4ms) [Parameters=[], CommandType='Text', CommandTimeout='30']
SELECT [t].[Id], [t].[CreatedUtc], [t].[Description], [t].[EntityId], [t].[LastStatusChangeUtc], [t].[Priority], [t].[SlaDeadlineUtc], [t].[Status], [t].[TenantId], [t].[Title]
FROM [Tickets] AS [t]
WHERE [t].[Status] NOT IN (3, 4)
[17:00:09 INF] Executed DbCommand (1ms) [Parameters=[], CommandType='Text', CommandTimeout='30']
SELECT [t].[Id], [t].[CreatedUtc], [t].[Description], [t].[EntityId], [t].[LastStatusChangeUtc], [t].[Priority], [t].[SlaDeadlineUtc], [t].[Status], [t].[TenantId], [t].[Title]
FROM [Tickets] AS [t]
WHERE [t].[Status] NOT IN (3, 4)
[17:00:14 INF] Executed DbCommand (8ms) [Parameters=[], CommandType='Text', CommandTimeout='30']
SELECT [t].[Id], [t].[CreatedUtc], [t].[Description], [t].[EntityId], [t].[LastStatusChangeUtc], [t].[Priority], [t].[SlaDeadlineUtc], [t].[Status], [t].[TenantId], [t].[Title]
FROM [Tickets] AS [t]
WHERE [t].[Status] NOT IN (3, 4)
[17:00:19 INF] Executed DbCommand (1ms) [Parameters=[], CommandType='Text', CommandTimeout='30']
SELECT [t].[Id], [t].[CreatedUtc], [t].[Description], [t].[EntityId], [t].[LastStatusChangeUtc], [t].[Priority], [t].[SlaDeadlineUtc], [t].[Status], [t].[TenantId], [t].[Title]
FROM [Tickets] AS [t]
WHERE [t].[Status] NOT IN (3, 4)
[17:00:24 INF] Executed DbCommand (0ms) [Parameters=[], CommandType='Text', CommandTimeout='30']
SELECT [t].[Id], [t].[CreatedUtc], [t].[Description], [t].[EntityId], [t].[LastStatusChangeUtc], [t].[Priority], [t].[SlaDeadlineUtc], [t].[Status], [t].[TenantId], [t].[Title]
FROM [Tickets] AS [t]
WHERE [t].[Status] NOT IN (3, 4)
[17:00:29 INF] Executed DbCommand (1ms) [Parameters=[], CommandType='Text', CommandTimeout='30']
SELECT [t].[Id], [t].[CreatedUtc], [t].[Description], [t].[EntityId], [t].[LastStatusChangeUtc], [t].[Priority], [t].[SlaDeadlineUtc], [t].[Status], [t].[TenantId], [t].[Title]
FROM [Tickets] AS [t]
WHERE [t].[Status] NOT IN (3, 4)
[17:00:34 INF] Executed DbCommand (1ms) [Parameters=[], CommandType='Text', CommandTimeout='30']
SELECT [t].[Id], [t].[CreatedUtc], [t].[Description], [t].[EntityId], [t].[LastStatusChangeUtc], [t].[Priority], [t].[SlaDeadlineUtc], [t].[Status], [t].[TenantId], [t].[Title]
FROM [Tickets] AS [t]
WHERE [t].[Status] NOT IN (3, 4)
[17:00:39 INF] Executed DbCommand (2ms) [Parameters=[], CommandType='Text', CommandTimeout='30']
SELECT [t].[Id], [t].[CreatedUtc], [t].[Description], [t].[EntityId], [t].[LastStatusChangeUtc], [t].[Priority], [t].[SlaDeadlineUtc], [t].[Status], [t].[TenantId], [t].[Title]
FROM [Tickets] AS [t]
WHERE [t].[Status] NOT IN (3, 4)
[17:00:43 INF] Request starting HTTP/2 GET https://localhost:44323/swagger/index.html - null null
[17:00:43 INF] Request finished HTTP/2 GET https://localhost:44323/swagger/index.html - 200 null text/html;charset=utf-8 3.8866ms
[17:00:43 INF] Request starting HTTP/2 GET https://localhost:44323/_vs/browserLink - null null
[17:00:43 INF] Request starting HTTP/2 GET https://localhost:44323/_framework/aspnetcore-browser-refresh.js - null null
[17:00:43 INF] Request finished HTTP/2 GET https://localhost:44323/_framework/aspnetcore-browser-refresh.js - 200 13758 application/javascript; charset=utf-8 0.7432ms
[17:00:43 INF] Request finished HTTP/2 GET https://localhost:44323/_vs/browserLink - 200 null text/javascript; charset=UTF-8 7.1116ms
[17:00:43 INF] Request starting HTTP/2 GET https://localhost:44323/swagger/v1/swagger.json - null null
[17:00:43 INF] Request finished HTTP/2 GET https://localhost:44323/swagger/v1/swagger.json - 200 null application/json;charset=utf-8 9.2758ms
[17:00:44 INF] Executed DbCommand (11ms) [Parameters=[], CommandType='Text', CommandTimeout='30']
SELECT [t].[Id], [t].[CreatedUtc], [t].[Description], [t].[EntityId], [t].[LastStatusChangeUtc], [t].[Priority], [t].[SlaDeadlineUtc], [t].[Status], [t].[TenantId], [t].[Title]
FROM [Tickets] AS [t]
WHERE [t].[Status] NOT IN (3, 4)
[17:00:49 INF] Executed DbCommand (1ms) [Parameters=[], CommandType='Text', CommandTimeout='30']
SELECT [t].[Id], [t].[CreatedUtc], [t].[Description], [t].[EntityId], [t].[LastStatusChangeUtc], [t].[Priority], [t].[SlaDeadlineUtc], [t].[Status], [t].[TenantId], [t].[Title]
FROM [Tickets] AS [t]
WHERE [t].[Status] NOT IN (3, 4)
[17:00:54 INF] Executed DbCommand (0ms) [Parameters=[], CommandType='Text', CommandTimeout='30']
SELECT [t].[Id], [t].[CreatedUtc], [t].[Description], [t].[EntityId], [t].[LastStatusChangeUtc], [t].[Priority], [t].[SlaDeadlineUtc], [t].[Status], [t].[TenantId], [t].[Title]
FROM [Tickets] AS [t]
WHERE [t].[Status] NOT IN (3, 4)
[17:00:57 INF] Request starting HTTP/2 GET https://localhost:44323/swagger/index.html - null null
[17:00:57 INF] Request finished HTTP/2 GET https://localhost:44323/swagger/index.html - 200 null text/html;charset=utf-8 7.8184ms
[17:00:57 INF] Request starting HTTP/2 GET https://localhost:44323/_framework/aspnetcore-browser-refresh.js - null null
[17:00:57 INF] Request finished HTTP/2 GET https://localhost:44323/_framework/aspnetcore-browser-refresh.js - 200 13758 application/javascript; charset=utf-8 0.8831ms
[17:00:57 INF] Request starting HTTP/2 GET https://localhost:44323/_vs/browserLink - null null
[17:00:57 INF] Request finished HTTP/2 GET https://localhost:44323/_vs/browserLink - 200 null text/javascript; charset=UTF-8 10.6463ms
[17:00:57 INF] Request starting HTTP/2 GET https://localhost:44323/swagger/v1/swagger.json - null null
[17:00:57 INF] Request finished HTTP/2 GET https://localhost:44323/swagger/v1/swagger.json - 200 null application/json;charset=utf-8 6.1875ms
[17:00:59 INF] Executed DbCommand (0ms) [Parameters=[], CommandType='Text', CommandTimeout='30']
SELECT [t].[Id], [t].[CreatedUtc], [t].[Description], [t].[EntityId], [t].[LastStatusChangeUtc], [t].[Priority], [t].[SlaDeadlineUtc], [t].[Status], [t].[TenantId], [t].[Title]
FROM [Tickets] AS [t]
WHERE [t].[Status] NOT IN (3, 4)
[17:01:04 INF] Executed DbCommand (1ms) [Parameters=[], CommandType='Text', CommandTimeout='30']
SELECT [t].[Id], [t].[CreatedUtc], [t].[Description], [t].[EntityId], [t].[LastStatusChangeUtc], [t].[Priority], [t].[SlaDeadlineUtc], [t].[Status], [t].[TenantId], [t].[Title]
FROM [Tickets] AS [t]
WHERE [t].[Status] NOT IN (3, 4)
[17:01:09 INF] Executed DbCommand (1ms) [Parameters=[], CommandType='Text', CommandTimeout='30']
SELECT [t].[Id], [t].[CreatedUtc], [t].[Description], [t].[EntityId], [t].[LastStatusChangeUtc], [t].[Priority], [t].[SlaDeadlineUtc], [t].[Status], [t].[TenantId], [t].[Title]
FROM [Tickets] AS [t]
WHERE [t].[Status] NOT IN (3, 4)
[17:01:14 INF] Executed DbCommand (1ms) [Parameters=[], CommandType='Text', CommandTimeout='30']
SELECT [t].[Id], [t].[CreatedUtc], [t].[Description], [t].[EntityId], [t].[LastStatusChangeUtc], [t].[Priority], [t].[SlaDeadlineUtc], [t].[Status], [t].[TenantId], [t].[Title]
FROM [Tickets] AS [t]
WHERE [t].[Status] NOT IN (3, 4)
[17:01:19 INF] Executed DbCommand (3ms) [Parameters=[], CommandType='Text', CommandTimeout='30']
SELECT [t].[Id], [t].[CreatedUtc], [t].[Description], [t].[EntityId], [t].[LastStatusChangeUtc], [t].[Priority], [t].[SlaDeadlineUtc], [t].[Status], [t].[TenantId], [t].[Title]
FROM [Tickets] AS [t]
WHERE [t].[Status] NOT IN (3, 4)
[17:01:24 INF] Executed DbCommand (1ms) [Parameters=[], CommandType='Text', CommandTimeout='30']
SELECT [t].[Id], [t].[CreatedUtc], [t].[Description], [t].[EntityId], [t].[LastStatusChangeUtc], [t].[Priority], [t].[SlaDeadlineUtc], [t].[Status], [t].[TenantId], [t].[Title]
FROM [Tickets] AS [t]
WHERE [t].[Status] NOT IN (3, 4)
[17:01:29 INF] Executed DbCommand (0ms) [Parameters=[], CommandType='Text', CommandTimeout='30']
SELECT [t].[Id], [t].[CreatedUtc], [t].[Description], [t].[EntityId], [t].[LastStatusChangeUtc], [t].[Priority], [t].[SlaDeadlineUtc], [t].[Status], [t].[TenantId], [t].[Title]
FROM [Tickets] AS [t]
WHERE [t].[Status] NOT IN (3, 4)
[17:01:34 INF] Executed DbCommand (1ms) [Parameters=[], CommandType='Text', CommandTimeout='30']
SELECT [t].[Id], [t].[CreatedUtc], [t].[Description], [t].[EntityId], [t].[LastStatusChangeUtc], [t].[Priority], [t].[SlaDeadlineUtc], [t].[Status], [t].[TenantId], [t].[Title]
FROM [Tickets] AS [t]
WHERE [t].[Status] NOT IN (3, 4)
[17:01:39 INF] Executed DbCommand (0ms) [Parameters=[], CommandType='Text', CommandTimeout='30']
SELECT [t].[Id], [t].[CreatedUtc], [t].[Description], [t].[EntityId], [t].[LastStatusChangeUtc], [t].[Priority], [t].[SlaDeadlineUtc], [t].[Status], [t].[TenantId], [t].[Title]
FROM [Tickets] AS [t]
WHERE [t].[Status] NOT IN (3, 4)
[17:01:44 INF] Executed DbCommand (2ms) [Parameters=[], CommandType='Text', CommandTimeout='30']
SELECT [t].[Id], [t].[CreatedUtc], [t].[Description], [t].[EntityId], [t].[LastStatusChangeUtc], [t].[Priority], [t].[SlaDeadlineUtc], [t].[Status], [t].[TenantId], [t].[Title]
FROM [Tickets] AS [t]
WHERE [t].[Status] NOT IN (3, 4)
[17:01:49 INF] Executed DbCommand (8ms) [Parameters=[], CommandType='Text', CommandTimeout='30']
SELECT [t].[Id], [t].[CreatedUtc], [t].[Description], [t].[EntityId], [t].[LastStatusChangeUtc], [t].[Priority], [t].[SlaDeadlineUtc], [t].[Status], [t].[TenantId], [t].[Title]
FROM [Tickets] AS [t]
WHERE [t].[Status] NOT IN (3, 4)
[17:01:54 INF] Executed DbCommand (1ms) [Parameters=[], CommandType='Text', CommandTimeout='30']
SELECT [t].[Id], [t].[CreatedUtc], [t].[Description], [t].[EntityId], [t].[LastStatusChangeUtc], [t].[Priority], [t].[SlaDeadlineUtc], [t].[Status], [t].[TenantId], [t].[Title]
FROM [Tickets] AS [t]
WHERE [t].[Status] NOT IN (3, 4)
[17:01:59 INF] Executed DbCommand (1ms) [Parameters=[], CommandType='Text', CommandTimeout='30']
SELECT [t].[Id], [t].[CreatedUtc], [t].[Description], [t].[EntityId], [t].[LastStatusChangeUtc], [t].[Priority], [t].[SlaDeadlineUtc], [t].[Status], [t].[TenantId], [t].[Title]
FROM [Tickets] AS [t]
WHERE [t].[Status] NOT IN (3, 4)
[17:02:04 INF] Executed DbCommand (1ms) [Parameters=[], CommandType='Text', CommandTimeout='30']
SELECT [t].[Id], [t].[CreatedUtc], [t].[Description], [t].[EntityId], [t].[LastStatusChangeUtc], [t].[Priority], [t].[SlaDeadlineUtc], [t].[Status], [t].[TenantId], [t].[Title]
FROM [Tickets] AS [t]
WHERE [t].[Status] NOT IN (3, 4)
[17:02:09 INF] Executed DbCommand (1ms) [Parameters=[], CommandType='Text', CommandTimeout='30']
SELECT [t].[Id], [t].[CreatedUtc], [t].[Description], [t].[EntityId], [t].[LastStatusChangeUtc], [t].[Priority], [t].[SlaDeadlineUtc], [t].[Status], [t].[TenantId], [t].[Title]
FROM [Tickets] AS [t]
WHERE [t].[Status] NOT IN (3, 4)
[17:02:14 INF] Executed DbCommand (1ms) [Parameters=[], CommandType='Text', CommandTimeout='30']
SELECT [t].[Id], [t].[CreatedUtc], [t].[Description], [t].[EntityId], [t].[LastStatusChangeUtc], [t].[Priority], [t].[SlaDeadlineUtc], [t].[Status], [t].[TenantId], [t].[Title]
FROM [Tickets] AS [t]
WHERE [t].[Status] NOT IN (3, 4)
[17:02:19 INF] Executed DbCommand (1ms) [Parameters=[], CommandType='Text', CommandTimeout='30']
SELECT [t].[Id], [t].[CreatedUtc], [t].[Description], [t].[EntityId], [t].[LastStatusChangeUtc], [t].[Priority], [t].[SlaDeadlineUtc], [t].[Status], [t].[TenantId], [t].[Title]
FROM [Tickets] AS [t]
WHERE [t].[Status] NOT IN (3, 4)
[17:02:24 INF] Executed DbCommand (4ms) [Parameters=[], CommandType='Text', CommandTimeout='30']
SELECT [t].[Id], [t].[CreatedUtc], [t].[Description], [t].[EntityId], [t].[LastStatusChangeUtc], [t].[Priority], [t].[SlaDeadlineUtc], [t].[Status], [t].[TenantId], [t].[Title]
FROM [Tickets] AS [t]
WHERE [t].[Status] NOT IN (3, 4)
[17:02:29 INF] Executed DbCommand (1ms) [Parameters=[], CommandType='Text', CommandTimeout='30']
SELECT [t].[Id], [t].[CreatedUtc], [t].[Description], [t].[EntityId], [t].[LastStatusChangeUtc], [t].[Priority], [t].[SlaDeadlineUtc], [t].[Status], [t].[TenantId], [t].[Title]
FROM [Tickets] AS [t]
WHERE [t].[Status] NOT IN (3, 4)
[17:02:34 INF] Executed DbCommand (1ms) [Parameters=[], CommandType='Text', CommandTimeout='30']
SELECT [t].[Id], [t].[CreatedUtc], [t].[Description], [t].[EntityId], [t].[LastStatusChangeUtc], [t].[Priority], [t].[SlaDeadlineUtc], [t].[Status], [t].[TenantId], [t].[Title]
FROM [Tickets] AS [t]
WHERE [t].[Status] NOT IN (3, 4)
[17:02:39 INF] Executed DbCommand (0ms) [Parameters=[], CommandType='Text', CommandTimeout='30']
SELECT [t].[Id], [t].[CreatedUtc], [t].[Description], [t].[EntityId], [t].[LastStatusChangeUtc], [t].[Priority], [t].[SlaDeadlineUtc], [t].[Status], [t].[TenantId], [t].[Title]
FROM [Tickets] AS [t]
WHERE [t].[Status] NOT IN (3, 4)
[17:02:44 INF] Executed DbCommand (0ms) [Parameters=[], CommandType='Text', CommandTimeout='30']
SELECT [t].[Id], [t].[CreatedUtc], [t].[Description], [t].[EntityId], [t].[LastStatusChangeUtc], [t].[Priority], [t].[SlaDeadlineUtc], [t].[Status], [t].[TenantId], [t].[Title]
FROM [Tickets] AS [t]
WHERE [t].[Status] NOT IN (3, 4)
[17:02:49 INF] Executed DbCommand (8ms) [Parameters=[], CommandType='Text', CommandTimeout='30']
SELECT [t].[Id], [t].[CreatedUtc], [t].[Description], [t].[EntityId], [t].[LastStatusChangeUtc], [t].[Priority], [t].[SlaDeadlineUtc], [t].[Status], [t].[TenantId], [t].[Title]
FROM [Tickets] AS [t]
WHERE [t].[Status] NOT IN (3, 4)
[17:02:54 INF] Executed DbCommand (8ms) [Parameters=[], CommandType='Text', CommandTimeout='30']
SELECT [t].[Id], [t].[CreatedUtc], [t].[Description], [t].[EntityId], [t].[LastStatusChangeUtc], [t].[Priority], [t].[SlaDeadlineUtc], [t].[Status], [t].[TenantId], [t].[Title]
FROM [Tickets] AS [t]
WHERE [t].[Status] NOT IN (3, 4)
[17:02:59 INF] Executed DbCommand (1ms) [Parameters=[], CommandType='Text', CommandTimeout='30']
SELECT [t].[Id], [t].[CreatedUtc], [t].[Description], [t].[EntityId], [t].[LastStatusChangeUtc], [t].[Priority], [t].[SlaDeadlineUtc], [t].[Status], [t].[TenantId], [t].[Title]
FROM [Tickets] AS [t]
WHERE [t].[Status] NOT IN (3, 4)
[17:03:04 INF] Executed DbCommand (1ms) [Parameters=[], CommandType='Text', CommandTimeout='30']
SELECT [t].[Id], [t].[CreatedUtc], [t].[Description], [t].[EntityId], [t].[LastStatusChangeUtc], [t].[Priority], [t].[SlaDeadlineUtc], [t].[Status], [t].[TenantId], [t].[Title]
FROM [Tickets] AS [t]
WHERE [t].[Status] NOT IN (3, 4)
[17:03:09 INF] Executed DbCommand (1ms) [Parameters=[], CommandType='Text', CommandTimeout='30']
SELECT [t].[Id], [t].[CreatedUtc], [t].[Description], [t].[EntityId], [t].[LastStatusChangeUtc], [t].[Priority], [t].[SlaDeadlineUtc], [t].[Status], [t].[TenantId], [t].[Title]
FROM [Tickets] AS [t]
WHERE [t].[Status] NOT IN (3, 4)
[17:03:14 INF] Executed DbCommand (0ms) [Parameters=[], CommandType='Text', CommandTimeout='30']
SELECT [t].[Id], [t].[CreatedUtc], [t].[Description], [t].[EntityId], [t].[LastStatusChangeUtc], [t].[Priority], [t].[SlaDeadlineUtc], [t].[Status], [t].[TenantId], [t].[Title]
FROM [Tickets] AS [t]
WHERE [t].[Status] NOT IN (3, 4)
[17:03:19 INF] Executed DbCommand (1ms) [Parameters=[], CommandType='Text', CommandTimeout='30']
SELECT [t].[Id], [t].[CreatedUtc], [t].[Description], [t].[EntityId], [t].[LastStatusChangeUtc], [t].[Priority], [t].[SlaDeadlineUtc], [t].[Status], [t].[TenantId], [t].[Title]
FROM [Tickets] AS [t]
WHERE [t].[Status] NOT IN (3, 4)
[17:03:24 INF] Executed DbCommand (1ms) [Parameters=[], CommandType='Text', CommandTimeout='30']
SELECT [t].[Id], [t].[CreatedUtc], [t].[Description], [t].[EntityId], [t].[LastStatusChangeUtc], [t].[Priority], [t].[SlaDeadlineUtc], [t].[Status], [t].[TenantId], [t].[Title]
FROM [Tickets] AS [t]
WHERE [t].[Status] NOT IN (3, 4)
[17:03:29 INF] Executed DbCommand (2ms) [Parameters=[], CommandType='Text', CommandTimeout='30']
SELECT [t].[Id], [t].[CreatedUtc], [t].[Description], [t].[EntityId], [t].[LastStatusChangeUtc], [t].[Priority], [t].[SlaDeadlineUtc], [t].[Status], [t].[TenantId], [t].[Title]
FROM [Tickets] AS [t]
WHERE [t].[Status] NOT IN (3, 4)
[17:03:34 INF] Executed DbCommand (4ms) [Parameters=[], CommandType='Text', CommandTimeout='30']
SELECT [t].[Id], [t].[CreatedUtc], [t].[Description], [t].[EntityId], [t].[LastStatusChangeUtc], [t].[Priority], [t].[SlaDeadlineUtc], [t].[Status], [t].[TenantId], [t].[Title]
FROM [Tickets] AS [t]
WHERE [t].[Status] NOT IN (3, 4)
[17:03:39 INF] Executed DbCommand (0ms) [Parameters=[], CommandType='Text', CommandTimeout='30']
SELECT [t].[Id], [t].[CreatedUtc], [t].[Description], [t].[EntityId], [t].[LastStatusChangeUtc], [t].[Priority], [t].[SlaDeadlineUtc], [t].[Status], [t].[TenantId], [t].[Title]
FROM [Tickets] AS [t]
WHERE [t].[Status] NOT IN (3, 4)
[17:03:44 INF] Executed DbCommand (0ms) [Parameters=[], CommandType='Text', CommandTimeout='30']
SELECT [t].[Id], [t].[CreatedUtc], [t].[Description], [t].[EntityId], [t].[LastStatusChangeUtc], [t].[Priority], [t].[SlaDeadlineUtc], [t].[Status], [t].[TenantId], [t].[Title]
FROM [Tickets] AS [t]
WHERE [t].[Status] NOT IN (3, 4)
[17:03:49 INF] Executed DbCommand (1ms) [Parameters=[], CommandType='Text', CommandTimeout='30']
SELECT [t].[Id], [t].[CreatedUtc], [t].[Description], [t].[EntityId], [t].[LastStatusChangeUtc], [t].[Priority], [t].[SlaDeadlineUtc], [t].[Status], [t].[TenantId], [t].[Title]
FROM [Tickets] AS [t]
WHERE [t].[Status] NOT IN (3, 4)
[17:03:54 INF] Executed DbCommand (1ms) [Parameters=[], CommandType='Text', CommandTimeout='30']
SELECT [t].[Id], [t].[CreatedUtc], [t].[Description], [t].[EntityId], [t].[LastStatusChangeUtc], [t].[Priority], [t].[SlaDeadlineUtc], [t].[Status], [t].[TenantId], [t].[Title]
FROM [Tickets] AS [t]
WHERE [t].[Status] NOT IN (3, 4)
[17:03:59 INF] Executed DbCommand (1ms) [Parameters=[], CommandType='Text', CommandTimeout='30']
SELECT [t].[Id], [t].[CreatedUtc], [t].[Description], [t].[EntityId], [t].[LastStatusChangeUtc], [t].[Priority], [t].[SlaDeadlineUtc], [t].[Status], [t].[TenantId], [t].[Title]
FROM [Tickets] AS [t]
WHERE [t].[Status] NOT IN (3, 4)
[17:04:04 INF] Executed DbCommand (0ms) [Parameters=[], CommandType='Text', CommandTimeout='30']
SELECT [t].[Id], [t].[CreatedUtc], [t].[Description], [t].[EntityId], [t].[LastStatusChangeUtc], [t].[Priority], [t].[SlaDeadlineUtc], [t].[Status], [t].[TenantId], [t].[Title]
FROM [Tickets] AS [t]
WHERE [t].[Status] NOT IN (3, 4)
[17:04:09 INF] Executed DbCommand (2ms) [Parameters=[], CommandType='Text', CommandTimeout='30']
SELECT [t].[Id], [t].[CreatedUtc], [t].[Description], [t].[EntityId], [t].[LastStatusChangeUtc], [t].[Priority], [t].[SlaDeadlineUtc], [t].[Status], [t].[TenantId], [t].[Title]
FROM [Tickets] AS [t]
WHERE [t].[Status] NOT IN (3, 4)
[17:04:14 INF] Executed DbCommand (1ms) [Parameters=[], CommandType='Text', CommandTimeout='30']
SELECT [t].[Id], [t].[CreatedUtc], [t].[Description], [t].[EntityId], [t].[LastStatusChangeUtc], [t].[Priority], [t].[SlaDeadlineUtc], [t].[Status], [t].[TenantId], [t].[Title]
FROM [Tickets] AS [t]
WHERE [t].[Status] NOT IN (3, 4)
[17:04:19 INF] Executed DbCommand (0ms) [Parameters=[], CommandType='Text', CommandTimeout='30']
SELECT [t].[Id], [t].[CreatedUtc], [t].[Description], [t].[EntityId], [t].[LastStatusChangeUtc], [t].[Priority], [t].[SlaDeadlineUtc], [t].[Status], [t].[TenantId], [t].[Title]
FROM [Tickets] AS [t]
WHERE [t].[Status] NOT IN (3, 4)
[17:04:24 INF] Executed DbCommand (1ms) [Parameters=[], CommandType='Text', CommandTimeout='30']
SELECT [t].[Id], [t].[CreatedUtc], [t].[Description], [t].[EntityId], [t].[LastStatusChangeUtc], [t].[Priority], [t].[SlaDeadlineUtc], [t].[Status], [t].[TenantId], [t].[Title]
FROM [Tickets] AS [t]
WHERE [t].[Status] NOT IN (3, 4)
[17:04:29 INF] Executed DbCommand (1ms) [Parameters=[], CommandType='Text', CommandTimeout='30']
SELECT [t].[Id], [t].[CreatedUtc], [t].[Description], [t].[EntityId], [t].[LastStatusChangeUtc], [t].[Priority], [t].[SlaDeadlineUtc], [t].[Status], [t].[TenantId], [t].[Title]
FROM [Tickets] AS [t]
WHERE [t].[Status] NOT IN (3, 4)
[17:04:34 INF] Executed DbCommand (1ms) [Parameters=[], CommandType='Text', CommandTimeout='30']
SELECT [t].[Id], [t].[CreatedUtc], [t].[Description], [t].[EntityId], [t].[LastStatusChangeUtc], [t].[Priority], [t].[SlaDeadlineUtc], [t].[Status], [t].[TenantId], [t].[Title]
FROM [Tickets] AS [t]
WHERE [t].[Status] NOT IN (3, 4)
[17:04:39 INF] Executed DbCommand (2ms) [Parameters=[], CommandType='Text', CommandTimeout='30']
SELECT [t].[Id], [t].[CreatedUtc], [t].[Description], [t].[EntityId], [t].[LastStatusChangeUtc], [t].[Priority], [t].[SlaDeadlineUtc], [t].[Status], [t].[TenantId], [t].[Title]
FROM [Tickets] AS [t]
WHERE [t].[Status] NOT IN (3, 4)
[17:04:44 INF] Executed DbCommand (1ms) [Parameters=[], CommandType='Text', CommandTimeout='30']
SELECT [t].[Id], [t].[CreatedUtc], [t].[Description], [t].[EntityId], [t].[LastStatusChangeUtc], [t].[Priority], [t].[SlaDeadlineUtc], [t].[Status], [t].[TenantId], [t].[Title]
FROM [Tickets] AS [t]
WHERE [t].[Status] NOT IN (3, 4)
[17:04:49 INF] Executed DbCommand (0ms) [Parameters=[], CommandType='Text', CommandTimeout='30']
SELECT [t].[Id], [t].[CreatedUtc], [t].[Description], [t].[EntityId], [t].[LastStatusChangeUtc], [t].[Priority], [t].[SlaDeadlineUtc], [t].[Status], [t].[TenantId], [t].[Title]
FROM [Tickets] AS [t]
WHERE [t].[Status] NOT IN (3, 4)
[17:04:54 INF] Executed DbCommand (1ms) [Parameters=[], CommandType='Text', CommandTimeout='30']
SELECT [t].[Id], [t].[CreatedUtc], [t].[Description], [t].[EntityId], [t].[LastStatusChangeUtc], [t].[Priority], [t].[SlaDeadlineUtc], [t].[Status], [t].[TenantId], [t].[Title]
FROM [Tickets] AS [t]
WHERE [t].[Status] NOT IN (3, 4)
[17:04:59 INF] Executed DbCommand (0ms) [Parameters=[], CommandType='Text', CommandTimeout='30']
SELECT [t].[Id], [t].[CreatedUtc], [t].[Description], [t].[EntityId], [t].[LastStatusChangeUtc], [t].[Priority], [t].[SlaDeadlineUtc], [t].[Status], [t].[TenantId], [t].[Title]
FROM [Tickets] AS [t]
WHERE [t].[Status] NOT IN (3, 4)
[17:05:04 INF] Executed DbCommand (0ms) [Parameters=[], CommandType='Text', CommandTimeout='30']
SELECT [t].[Id], [t].[CreatedUtc], [t].[Description], [t].[EntityId], [t].[LastStatusChangeUtc], [t].[Priority], [t].[SlaDeadlineUtc], [t].[Status], [t].[TenantId], [t].[Title]
FROM [Tickets] AS [t]
WHERE [t].[Status] NOT IN (3, 4)
[17:05:09 INF] Executed DbCommand (0ms) [Parameters=[], CommandType='Text', CommandTimeout='30']
SELECT [t].[Id], [t].[CreatedUtc], [t].[Description], [t].[EntityId], [t].[LastStatusChangeUtc], [t].[Priority], [t].[SlaDeadlineUtc], [t].[Status], [t].[TenantId], [t].[Title]
FROM [Tickets] AS [t]
WHERE [t].[Status] NOT IN (3, 4)
[17:05:14 INF] Executed DbCommand (1ms) [Parameters=[], CommandType='Text', CommandTimeout='30']
SELECT [t].[Id], [t].[CreatedUtc], [t].[Description], [t].[EntityId], [t].[LastStatusChangeUtc], [t].[Priority], [t].[SlaDeadlineUtc], [t].[Status], [t].[TenantId], [t].[Title]
FROM [Tickets] AS [t]
WHERE [t].[Status] NOT IN (3, 4)
[17:05:19 INF] Executed DbCommand (1ms) [Parameters=[], CommandType='Text', CommandTimeout='30']
SELECT [t].[Id], [t].[CreatedUtc], [t].[Description], [t].[EntityId], [t].[LastStatusChangeUtc], [t].[Priority], [t].[SlaDeadlineUtc], [t].[Status], [t].[TenantId], [t].[Title]
FROM [Tickets] AS [t]
WHERE [t].[Status] NOT IN (3, 4)
[17:05:24 INF] Executed DbCommand (1ms) [Parameters=[], CommandType='Text', CommandTimeout='30']
SELECT [t].[Id], [t].[CreatedUtc], [t].[Description], [t].[EntityId], [t].[LastStatusChangeUtc], [t].[Priority], [t].[SlaDeadlineUtc], [t].[Status], [t].[TenantId], [t].[Title]
FROM [Tickets] AS [t]
WHERE [t].[Status] NOT IN (3, 4)
[17:05:29 INF] Executed DbCommand (0ms) [Parameters=[], CommandType='Text', CommandTimeout='30']
SELECT [t].[Id], [t].[CreatedUtc], [t].[Description], [t].[EntityId], [t].[LastStatusChangeUtc], [t].[Priority], [t].[SlaDeadlineUtc], [t].[Status], [t].[TenantId], [t].[Title]
FROM [Tickets] AS [t]
WHERE [t].[Status] NOT IN (3, 4)
[17:05:34 INF] Executed DbCommand (1ms) [Parameters=[], CommandType='Text', CommandTimeout='30']
SELECT [t].[Id], [t].[CreatedUtc], [t].[Description], [t].[EntityId], [t].[LastStatusChangeUtc], [t].[Priority], [t].[SlaDeadlineUtc], [t].[Status], [t].[TenantId], [t].[Title]
FROM [Tickets] AS [t]
WHERE [t].[Status] NOT IN (3, 4)
[17:05:39 INF] Executed DbCommand (1ms) [Parameters=[], CommandType='Text', CommandTimeout='30']
SELECT [t].[Id], [t].[CreatedUtc], [t].[Description], [t].[EntityId], [t].[LastStatusChangeUtc], [t].[Priority], [t].[SlaDeadlineUtc], [t].[Status], [t].[TenantId], [t].[Title]
FROM [Tickets] AS [t]
WHERE [t].[Status] NOT IN (3, 4)
[17:05:44 INF] Executed DbCommand (8ms) [Parameters=[], CommandType='Text', CommandTimeout='30']
SELECT [t].[Id], [t].[CreatedUtc], [t].[Description], [t].[EntityId], [t].[LastStatusChangeUtc], [t].[Priority], [t].[SlaDeadlineUtc], [t].[Status], [t].[TenantId], [t].[Title]
FROM [Tickets] AS [t]
WHERE [t].[Status] NOT IN (3, 4)
[17:05:49 INF] Executed DbCommand (0ms) [Parameters=[], CommandType='Text', CommandTimeout='30']
SELECT [t].[Id], [t].[CreatedUtc], [t].[Description], [t].[EntityId], [t].[LastStatusChangeUtc], [t].[Priority], [t].[SlaDeadlineUtc], [t].[Status], [t].[TenantId], [t].[Title]
FROM [Tickets] AS [t]
WHERE [t].[Status] NOT IN (3, 4)
[17:05:54 INF] Executed DbCommand (0ms) [Parameters=[], CommandType='Text', CommandTimeout='30']
SELECT [t].[Id], [t].[CreatedUtc], [t].[Description], [t].[EntityId], [t].[LastStatusChangeUtc], [t].[Priority], [t].[SlaDeadlineUtc], [t].[Status], [t].[TenantId], [t].[Title]
FROM [Tickets] AS [t]
WHERE [t].[Status] NOT IN (3, 4)
[17:05:59 INF] Executed DbCommand (0ms) [Parameters=[], CommandType='Text', CommandTimeout='30']
SELECT [t].[Id], [t].[CreatedUtc], [t].[Description], [t].[EntityId], [t].[LastStatusChangeUtc], [t].[Priority], [t].[SlaDeadlineUtc], [t].[Status], [t].[TenantId], [t].[Title]
FROM [Tickets] AS [t]
WHERE [t].[Status] NOT IN (3, 4)
[17:06:04 INF] Executed DbCommand (0ms) [Parameters=[], CommandType='Text', CommandTimeout='30']
SELECT [t].[Id], [t].[CreatedUtc], [t].[Description], [t].[EntityId], [t].[LastStatusChangeUtc], [t].[Priority], [t].[SlaDeadlineUtc], [t].[Status], [t].[TenantId], [t].[Title]
FROM [Tickets] AS [t]
WHERE [t].[Status] NOT IN (3, 4)
[17:06:09 INF] Executed DbCommand (0ms) [Parameters=[], CommandType='Text', CommandTimeout='30']
SELECT [t].[Id], [t].[CreatedUtc], [t].[Description], [t].[EntityId], [t].[LastStatusChangeUtc], [t].[Priority], [t].[SlaDeadlineUtc], [t].[Status], [t].[TenantId], [t].[Title]
FROM [Tickets] AS [t]
WHERE [t].[Status] NOT IN (3, 4)
[17:06:14 INF] Executed DbCommand (0ms) [Parameters=[], CommandType='Text', CommandTimeout='30']
SELECT [t].[Id], [t].[CreatedUtc], [t].[Description], [t].[EntityId], [t].[LastStatusChangeUtc], [t].[Priority], [t].[SlaDeadlineUtc], [t].[Status], [t].[TenantId], [t].[Title]
FROM [Tickets] AS [t]
WHERE [t].[Status] NOT IN (3, 4)
[17:06:19 INF] Executed DbCommand (0ms) [Parameters=[], CommandType='Text', CommandTimeout='30']
SELECT [t].[Id], [t].[CreatedUtc], [t].[Description], [t].[EntityId], [t].[LastStatusChangeUtc], [t].[Priority], [t].[SlaDeadlineUtc], [t].[Status], [t].[TenantId], [t].[Title]
FROM [Tickets] AS [t]
WHERE [t].[Status] NOT IN (3, 4)
[17:06:24 INF] Executed DbCommand (0ms) [Parameters=[], CommandType='Text', CommandTimeout='30']
SELECT [t].[Id], [t].[CreatedUtc], [t].[Description], [t].[EntityId], [t].[LastStatusChangeUtc], [t].[Priority], [t].[SlaDeadlineUtc], [t].[Status], [t].[TenantId], [t].[Title]
FROM [Tickets] AS [t]
WHERE [t].[Status] NOT IN (3, 4)
[17:06:29 INF] Executed DbCommand (0ms) [Parameters=[], CommandType='Text', CommandTimeout='30']
SELECT [t].[Id], [t].[CreatedUtc], [t].[Description], [t].[EntityId], [t].[LastStatusChangeUtc], [t].[Priority], [t].[SlaDeadlineUtc], [t].[Status], [t].[TenantId], [t].[Title]
FROM [Tickets] AS [t]
WHERE [t].[Status] NOT IN (3, 4)
[17:06:34 INF] Executed DbCommand (0ms) [Parameters=[], CommandType='Text', CommandTimeout='30']
SELECT [t].[Id], [t].[CreatedUtc], [t].[Description], [t].[EntityId], [t].[LastStatusChangeUtc], [t].[Priority], [t].[SlaDeadlineUtc], [t].[Status], [t].[TenantId], [t].[Title]
FROM [Tickets] AS [t]
WHERE [t].[Status] NOT IN (3, 4)
[17:06:39 INF] Executed DbCommand (0ms) [Parameters=[], CommandType='Text', CommandTimeout='30']
SELECT [t].[Id], [t].[CreatedUtc], [t].[Description], [t].[EntityId], [t].[LastStatusChangeUtc], [t].[Priority], [t].[SlaDeadlineUtc], [t].[Status], [t].[TenantId], [t].[Title]
FROM [Tickets] AS [t]
WHERE [t].[Status] NOT IN (3, 4)
[17:06:44 INF] Executed DbCommand (0ms) [Parameters=[], CommandType='Text', CommandTimeout='30']
SELECT [t].[Id], [t].[CreatedUtc], [t].[Description], [t].[EntityId], [t].[LastStatusChangeUtc], [t].[Priority], [t].[SlaDeadlineUtc], [t].[Status], [t].[TenantId], [t].[Title]
FROM [Tickets] AS [t]
WHERE [t].[Status] NOT IN (3, 4)
[17:06:49 INF] Executed DbCommand (2ms) [Parameters=[], CommandType='Text', CommandTimeout='30']
SELECT [t].[Id], [t].[CreatedUtc], [t].[Description], [t].[EntityId], [t].[LastStatusChangeUtc], [t].[Priority], [t].[SlaDeadlineUtc], [t].[Status], [t].[TenantId], [t].[Title]
FROM [Tickets] AS [t]
WHERE [t].[Status] NOT IN (3, 4)
[17:06:54 INF] Executed DbCommand (0ms) [Parameters=[], CommandType='Text', CommandTimeout='30']
SELECT [t].[Id], [t].[CreatedUtc], [t].[Description], [t].[EntityId], [t].[LastStatusChangeUtc], [t].[Priority], [t].[SlaDeadlineUtc], [t].[Status], [t].[TenantId], [t].[Title]
FROM [Tickets] AS [t]
WHERE [t].[Status] NOT IN (3, 4)
[17:06:59 INF] Executed DbCommand (0ms) [Parameters=[], CommandType='Text', CommandTimeout='30']
SELECT [t].[Id], [t].[CreatedUtc], [t].[Description], [t].[EntityId], [t].[LastStatusChangeUtc], [t].[Priority], [t].[SlaDeadlineUtc], [t].[Status], [t].[TenantId], [t].[Title]
FROM [Tickets] AS [t]
WHERE [t].[Status] NOT IN (3, 4)
[17:07:04 INF] Executed DbCommand (0ms) [Parameters=[], CommandType='Text', CommandTimeout='30']
SELECT [t].[Id], [t].[CreatedUtc], [t].[Description], [t].[EntityId], [t].[LastStatusChangeUtc], [t].[Priority], [t].[SlaDeadlineUtc], [t].[Status], [t].[TenantId], [t].[Title]
FROM [Tickets] AS [t]
WHERE [t].[Status] NOT IN (3, 4)
[17:07:09 INF] Executed DbCommand (0ms) [Parameters=[], CommandType='Text