[13:41:10 INF] User profile is available. Using 'C:\Users\ALUHJOHNSON\AppData\Local\ASP.NET\DataProtection-Keys' as key repository and Windows DPAPI to encrypt keys at rest.
[13:41:11 INF] Executed DbCommand (32ms) [Parameters=[], CommandType='Text', CommandTimeout='30']
SELECT [t].[Id], [t].[CreatedUtc], [t].[Description], [t].[EntityId], [t].[LastStatusChangeUtc], [t].[Priority], [t].[SlaDeadlineUtc], [t].[Status], [t].[TenantId], [t].[Title]
FROM [Tickets] AS [t]
WHERE [t].[Status] NOT IN (3, 4)
[13:41:12 INF] Request starting HTTP/2 GET https://localhost:44323/swagger/index.html - null null
[13:41:12 INF] Application started. Press Ctrl+C to shut down.
[13:41:12 INF] Hosting environment: Development
[13:41:12 INF] Content root path: C:\Users\ALUHJOHNSON\source\repos\FCMBNG\Semanix\Semanix.Api
[13:41:12 INF] Request finished HTTP/2 GET https://localhost:44323/swagger/index.html - 200 null text/html;charset=utf-8 336.6429ms
[13:41:12 INF] Request starting HTTP/2 GET https://localhost:44323/_framework/aspnetcore-browser-refresh.js - null null
[13:41:12 INF] Request finished HTTP/2 GET https://localhost:44323/_framework/aspnetcore-browser-refresh.js - 200 13758 application/javascript; charset=utf-8 7.6252ms
[13:41:12 INF] Request starting HTTP/2 GET https://localhost:44323/_vs/browserLink - null null
[13:41:12 INF] Request finished HTTP/2 GET https://localhost:44323/_vs/browserLink - 200 null text/javascript; charset=UTF-8 36.0589ms
[13:41:12 INF] Request starting HTTP/2 GET https://localhost:44323/swagger/v1/swagger.json - null null
[13:41:12 INF] Request finished HTTP/2 GET https://localhost:44323/swagger/v1/swagger.json - 200 null application/json;charset=utf-8 13.9993ms
[13:41:16 INF] Executed DbCommand (2ms) [Parameters=[], CommandType='Text', CommandTimeout='30']
SELECT [t].[Id], [t].[CreatedUtc], [t].[Description], [t].[EntityId], [t].[LastStatusChangeUtc], [t].[Priority], [t].[SlaDeadlineUtc], [t].[Status], [t].[TenantId], [t].[Title]
FROM [Tickets] AS [t]
WHERE [t].[Status] NOT IN (3, 4)
[13:41:22 INF] Executed DbCommand (0ms) [Parameters=[], CommandType='Text', CommandTimeout='30']
SELECT [t].[Id], [t].[CreatedUtc], [t].[Description], [t].[EntityId], [t].[LastStatusChangeUtc], [t].[Priority], [t].[SlaDeadlineUtc], [t].[Status], [t].[TenantId], [t].[Title]
FROM [Tickets] AS [t]
WHERE [t].[Status] NOT IN (3, 4)
[13:41:27 INF] Executed DbCommand (3ms) [Parameters=[], CommandType='Text', CommandTimeout='30']
SELECT [t].[Id], [t].[CreatedUtc], [t].[Description], [t].[EntityId], [t].[LastStatusChangeUtc], [t].[Priority], [t].[SlaDeadlineUtc], [t].[Status], [t].[TenantId], [t].[Title]
FROM [Tickets] AS [t]
WHERE [t].[Status] NOT IN (3, 4)
[13:41:32 INF] Executed DbCommand (1ms) [Parameters=[], CommandType='Text', CommandTimeout='30']
SELECT [t].[Id], [t].[CreatedUtc], [t].[Description], [t].[EntityId], [t].[LastStatusChangeUtc], [t].[Priority], [t].[SlaDeadlineUtc], [t].[Status], [t].[TenantId], [t].[Title]
FROM [Tickets] AS [t]
WHERE [t].[Status] NOT IN (3, 4)
[13:41:37 INF] Executed DbCommand (1ms) [Parameters=[], CommandType='Text', CommandTimeout='30']
SELECT [t].[Id], [t].[CreatedUtc], [t].[Description], [t].[EntityId], [t].[LastStatusChangeUtc], [t].[Priority], [t].[SlaDeadlineUtc], [t].[Status], [t].[TenantId], [t].[Title]
FROM [Tickets] AS [t]
WHERE [t].[Status] NOT IN (3, 4)
[13:41:42 INF] Executed DbCommand (1ms) [Parameters=[], CommandType='Text', CommandTimeout='30']
SELECT [t].[Id], [t].[CreatedUtc], [t].[Description], [t].[EntityId], [t].[LastStatusChangeUtc], [t].[Priority], [t].[SlaDeadlineUtc], [t].[Status], [t].[TenantId], [t].[Title]
FROM [Tickets] AS [t]
WHERE [t].[Status] NOT IN (3, 4)
[13:41:47 INF] Executed DbCommand (1ms) [Parameters=[], CommandType='Text', CommandTimeout='30']
SELECT [t].[Id], [t].[CreatedUtc], [t].[Description], [t].[EntityId], [t].[LastStatusChangeUtc], [t].[Priority], [t].[SlaDeadlineUtc], [t].[Status], [t].[TenantId], [t].[Title]
FROM [Tickets] AS [t]
WHERE [t].[Status] NOT IN (3, 4)
[13:41:52 INF] Executed DbCommand (1ms) [Parameters=[], CommandType='Text', CommandTimeout